============================================================
  Generated by:           Genus(TM) Synthesis Solution 20.11-s111_1
  Generated on:           Dec 07 2025  10:13:09 am
  Module:                 Decimator_Chain_Top
  Operating conditions:   _nominal_ (balanced_tree)
  Wireload mode:          enclosed
  Area mode:              timing library
============================================================

Timing
--------

  Clock   Period  
------------------
core_clk 100000.0 


  Cost     Critical         Violating 
  Group   Path Slack  TNS     Paths   
--------------------------------------
core_clk     89712.7   0.0          0 
default     No paths   0.0            
--------------------------------------
Total                  0.0          0 

Instance Count
--------------
Leaf Instance Count             10137 
Physical Instance count             0 
Sequential Instance Count        2343 
Combinational Instance Count     7794 
Hierarchical Instance Count         5 

Area
----
Cell Area                          558510.586
Physical Cell Area                 0.000
Total Cell Area (Cell+Physical)    558510.586
Net Area                           0.000
Total Area (Cell+Physical+Net)     558510.586

Max Fanout                         2343 (clk)
Min Fanout                         0 (w_cic_out[0])
Average Fanout                     1.7
Terms to net ratio                 2.8925
Terms to instance ratio            4.4793
Runtime                            667.4753460000005 seconds
Elapsed Runtime                    1293 seconds
Genus peak memory usage            2288.67 
Innovus peak memory usage          no_value 
Hostname                           pc1vlsiscee.iitmandi.ac.in
