============================================================
  Generated by:           Genus(TM) Synthesis Solution 20.11-s111_1
  Generated on:           Dec 07 2025  10:13:07 am
  Module:                 Decimator_Chain_Top
  Operating conditions:   _nominal_ (balanced_tree)
  Wireload mode:          enclosed
  Area mode:              timing library
============================================================


Path 1: MET (89713 ps) Setup Check with Pin u_cic/output_register_reg[57]/CP->D
          Group: core_clk
     Startpoint: (R) u_cic/section_out6_reg[0]/CP
          Clock: (R) core_clk
       Endpoint: (F) u_cic/output_register_reg[57]/D
          Clock: (R) core_clk

                     Capture       Launch     
        Clock Edge:+  100000            0     
       Src Latency:+       0            0     
       Net Latency:+       0 (I)        0 (I) 
           Arrival:=  100000            0     
                                              
             Setup:-     117                  
     Required Time:=   99883                  
      Launch Clock:-       0                  
         Data Path:-   10170                  
             Slack:=   89713                  

#---------------------------------------------------------------------------------------------------------
#          Timing Point           Flags    Arc   Edge   Cell     Fanout Load Trans Delay Arrival Instance 
#                                                                       (fF)  (ps)  (ps)   (ps)  Location 
#---------------------------------------------------------------------------------------------------------
  u_cic/section_out6_reg[0]/CP    -       -      R     (arrival)   2343    -     0     0       0    (-,-) 
  u_cic/section_out6_reg[0]/Q     -       CP->Q  F     decrq1         3  9.6    46   176     176    (-,-) 
  u_cic/sub_339_30_g1698/ZN       -       I->ZN  R     inv0d0         2  7.9   146    78     254    (-,-) 
  u_cic/sub_339_30_g1669__2398/ZN -       A1->ZN F     nd02d1         2 17.7   110    74     327    (-,-) 
  u_cic/sub_339_30_g1666__7410/CO -       CI->CO F     ad01d1         1 13.6    87   159     486    (-,-) 
  u_cic/sub_339_30_g1665__1666/S  -       CI->S  F     ad01d1         2 20.2   104   186     672    (-,-) 
  u_cic/sub_360_34_g1665__2398/CO -       B->CO  F     ad01d1         1 13.6    87   182     854    (-,-) 
  u_cic/sub_360_34_g1664__5477/S  -       CI->S  R     ad01d1         2 20.4   114   228    1082    (-,-) 
  u_cic/sub_381_34_g1664__4319/S  -       B->S   F     ad01d1         2 20.2   104   190    1272    (-,-) 
  u_cic/sub_402_34_g1664__3680/CO -       B->CO  F     ad01d1         1 13.6    87   182    1454    (-,-) 
  u_cic/sub_402_34_g1663__6783/CO -       CI->CO F     ad01d1         1 13.6    87   155    1609    (-,-) 
  u_cic/sub_402_34_g1662__5526/CO -       CI->CO F     ad01d1         1 13.6    87   155    1764    (-,-) 
  u_cic/sub_402_34_g1661__8428/CO -       CI->CO F     ad01d1         1 13.6    87   155    1918    (-,-) 
  u_cic/sub_402_34_g1660__4319/CO -       CI->CO F     ad01d1         1 13.6    87   155    2073    (-,-) 
  u_cic/sub_402_34_g1659__6260/CO -       CI->CO F     ad01d1         1 13.6    87   155    2228    (-,-) 
  u_cic/sub_402_34_g1658__5107/CO -       CI->CO F     ad01d1         1 13.6    87   155    2383    (-,-) 
  u_cic/sub_402_34_g1657__2398/CO -       CI->CO F     ad01d1         1 13.6    87   155    2538    (-,-) 
  u_cic/sub_402_34_g1656__5477/CO -       CI->CO F     ad01d1         1 13.6    87   155    2692    (-,-) 
  u_cic/sub_402_34_g1655__6417/CO -       CI->CO F     ad01d1         1 13.6    87   155    2847    (-,-) 
  u_cic/sub_402_34_g1654__7410/CO -       CI->CO F     ad01d1         1 13.6    87   155    3002    (-,-) 
  u_cic/sub_402_34_g1653__1666/CO -       CI->CO F     ad01d1         1 13.6    87   155    3157    (-,-) 
  u_cic/sub_402_34_g1652__2346/CO -       CI->CO F     ad01d1         1 13.6    87   155    3312    (-,-) 
  u_cic/sub_402_34_g1651__2883/CO -       CI->CO F     ad01d1         1 13.6    87   155    3466    (-,-) 
  u_cic/sub_402_34_g1650__9945/CO -       CI->CO F     ad01d1         1 13.6    87   155    3621    (-,-) 
  u_cic/sub_402_34_g1649__9315/CO -       CI->CO F     ad01d1         1 13.6    87   155    3776    (-,-) 
  u_cic/sub_402_34_g1648__6161/CO -       CI->CO F     ad01d1         1 13.6    87   155    3931    (-,-) 
  u_cic/sub_402_34_g1647__4733/CO -       CI->CO F     ad01d1         1 13.6    87   155    4086    (-,-) 
  u_cic/sub_402_34_g1646__7482/CO -       CI->CO F     ad01d1         1 13.6    87   155    4240    (-,-) 
  u_cic/sub_402_34_g1645__5115/CO -       CI->CO F     ad01d1         1 13.6    87   155    4395    (-,-) 
  u_cic/sub_402_34_g1644__1881/CO -       CI->CO F     ad01d1         1 13.6    87   155    4550    (-,-) 
  u_cic/sub_402_34_g1643__6131/CO -       CI->CO F     ad01d1         1 13.6    87   155    4705    (-,-) 
  u_cic/sub_402_34_g1642__7098/CO -       CI->CO F     ad01d1         1 13.6    87   155    4860    (-,-) 
  u_cic/sub_402_34_g1641__8246/CO -       CI->CO F     ad01d1         1 13.6    87   155    5014    (-,-) 
  u_cic/sub_402_34_g1640__5122/CO -       CI->CO F     ad01d1         1 13.6    87   155    5169    (-,-) 
  u_cic/sub_402_34_g1639__1705/CO -       CI->CO F     ad01d1         1 13.6    87   155    5324    (-,-) 
  u_cic/sub_402_34_g1638__2802/CO -       CI->CO F     ad01d1         1 13.6    87   155    5479    (-,-) 
  u_cic/sub_402_34_g1637__1617/CO -       CI->CO F     ad01d1         1 13.6    87   155    5634    (-,-) 
  u_cic/sub_402_34_g1636__3680/CO -       CI->CO F     ad01d1         1 13.6    87   155    5788    (-,-) 
  u_cic/sub_402_34_g1635__6783/CO -       CI->CO F     ad01d1         1 13.6    87   155    5943    (-,-) 
  u_cic/sub_402_34_g1634__5526/CO -       CI->CO F     ad01d1         1 13.6    87   155    6098    (-,-) 
  u_cic/sub_402_34_g1633__8428/CO -       CI->CO F     ad01d1         1 13.6    87   155    6253    (-,-) 
  u_cic/sub_402_34_g1632__4319/CO -       CI->CO F     ad01d1         1 13.6    87   155    6408    (-,-) 
  u_cic/sub_402_34_g1631__6260/CO -       CI->CO F     ad01d1         1 13.6    87   155    6562    (-,-) 
  u_cic/sub_402_34_g1630__5107/CO -       CI->CO F     ad01d1         1 13.6    87   155    6717    (-,-) 
  u_cic/sub_402_34_g1629__2398/CO -       CI->CO F     ad01d1         1 13.6    87   155    6872    (-,-) 
  u_cic/sub_402_34_g1628__5477/CO -       CI->CO F     ad01d1         1 13.6    87   155    7027    (-,-) 
  u_cic/sub_402_34_g1627__6417/CO -       CI->CO F     ad01d1         1 13.6    87   155    7182    (-,-) 
  u_cic/sub_402_34_g1626__7410/CO -       CI->CO F     ad01d1         1 13.6    87   155    7336    (-,-) 
  u_cic/sub_402_34_g1625__1666/CO -       CI->CO F     ad01d1         1 13.6    87   155    7491    (-,-) 
  u_cic/sub_402_34_g1624__2346/CO -       CI->CO F     ad01d1         1 13.6    87   155    7646    (-,-) 
  u_cic/sub_402_34_g1623__2883/CO -       CI->CO F     ad01d1         1 13.6    87   155    7801    (-,-) 
  u_cic/sub_402_34_g1622__9945/CO -       CI->CO F     ad01d1         1 13.6    87   155    7956    (-,-) 
  u_cic/sub_402_34_g1621__9315/CO -       CI->CO F     ad01d1         1 13.6    87   155    8110    (-,-) 
  u_cic/sub_402_34_g1620__6161/CO -       CI->CO F     ad01d1         1 13.6    87   155    8265    (-,-) 
  u_cic/sub_402_34_g1619__4733/CO -       CI->CO F     ad01d1         1 13.6    87   155    8420    (-,-) 
  u_cic/sub_402_34_g1618__7482/CO -       CI->CO F     ad01d1         1 13.6    87   155    8575    (-,-) 
  u_cic/sub_402_34_g1617__5115/CO -       CI->CO F     ad01d1         1 13.6    87   155    8730    (-,-) 
  u_cic/sub_402_34_g1616__1881/CO -       CI->CO F     ad01d1         1 13.6    87   155    8884    (-,-) 
  u_cic/sub_402_34_g1615__6131/CO -       CI->CO F     ad01d1         1 13.6    87   155    9039    (-,-) 
  u_cic/sub_402_34_g1614__7098/CO -       CI->CO F     ad01d1         1 13.6    87   155    9194    (-,-) 
  u_cic/sub_402_34_g1613__8246/CO -       CI->CO F     ad01d1         1 13.6    87   155    9349    (-,-) 
  u_cic/sub_402_34_g1612__5122/CO -       CI->CO F     ad01d1         1 13.6    87   155    9504    (-,-) 
  u_cic/sub_402_34_g1611__1705/S  -       CI->S  R     ad01d1         2 20.4   114   228    9732    (-,-) 
  u_cic/sub_423_34_g1611__6131/S  -       B->S   F     ad01d1         2 20.2   104   190    9922    (-,-) 
  u_cic/sub_444_35_g1397__4733/CO -       B->CO  F     ad01d1         2  8.2    72   169   10091    (-,-) 
  u_cic/sub_444_35_g1396__7482/ZN -       B2->ZN F     oaim22d1       1  2.0    43    79   10170    (-,-) 
  u_cic/output_register_reg[57]/D <<<     -      F     decrq1         1    -     -     0   10170    (-,-) 
#---------------------------------------------------------------------------------------------------------

